<?xml version="1.0" encoding="UTF-8"?>
<testng-results ignored="0" total="1" passed="1" failed="0" skipped="0">
  <reporter-output>
  </reporter-output>
  <suite started-at="2024-03-22T10:48:25 IST" name="Default suite" finished-at="2024-03-22T10:48:32 IST" duration-ms="7253">
    <groups>
    </groups>
    <test started-at="2024-03-22T10:48:25 IST" name="Default test" finished-at="2024-03-22T10:48:32 IST" duration-ms="7253">
      <class name="basic.OrganizationsTest">
        <test-method signature="CreateOrganizationTest()[pri:0, instance:basic.OrganizationsTest@6a192cfe]" started-at="2024-03-22T10:48:25 IST" name="CreateOrganizationTest" finished-at="2024-03-22T10:48:32 IST" duration-ms="7205" status="PASS">
          <reporter-output>
          </reporter-output>
        </test-method> <!-- CreateOrganizationTest -->
      </class> <!-- basic.OrganizationsTest -->
    </test> <!-- Default test -->
  </suite> <!-- Default suite -->
</testng-results>
